<?xml version="1.0" encoding="UTF-8"?>
<testsuite name="agh.ics.oop.SimulationEngineTest" tests="1" skipped="0" failures="0" errors="0" timestamp="2022-11-23T12:55:23" hostname="DESKTOP-GPM76D1" time="1.823">
  <properties/>
  <testcase name="canMoveToTest()" classname="agh.ics.oop.SimulationEngineTest" time="1.823"/>
  <system-out><![CDATA[ y\x  0 1 2 3 4 5 6 7 8 9
  5: ---------------------
  4: | | | |N| | | | | | |
  3: | | | | | | | | | | |
  2: | | |N| | | | | | | |
  1: | | | | | | | | | | |
  0: | | | | | | | | | | |
 -1: ---------------------

]]></system-out>
  <system-err><![CDATA[]]></system-err>
</testsuite>
